Arguments: 
  C:\Program Files\nodejs\node.exe C:\Program Files (x86)\Yarn\bin\yarn.js add svg-injector-2

PATH: 
  C:\Users\Dispatch2.RESOLUTELIMO\AppData\Roaming\npm;C:\Program Files\nodejs\;C:\Program Files (x86)\Intel\iCLS Client\;C:\Program Files\Intel\iCLS Client\;C:\Windows\system32;C:\Windows;C:\Windows\System32\Wbem;C:\Windows\System32\WindowsPowerShell\v1.0\;C:\Program Files\Intel\Intel(R) Management Engine Components\DAL;C:\Program Files (x86)\Intel\Intel(R) Management Engine Components\DAL;C:\Program Files\Intel\Intel(R) Management Engine Components\IPT;C:\Program Files (x86)\Intel\Intel(R) Management Engine Components\IPT;C:\Program Files (x86)\ATI Technologies\ATI.ACE\Core-Static;C:\Program Files (x86)\ShoreTel\Connect\;C:\Program Files (x86)\ShoreTel\Connect\win64;C:\Program Files\nodejs\;C:\Program Files (x86)\Yarn\bin\;C:\tools\libxml\;C:\Program Files\Git\cmd;C:\Users\Dispatch2.RESOLUTELIMO\AppData\Roaming\npm;C:\Users\Dispatch2.RESOLUTELIMO\AppData\Local\Yarn\bin;C:\Program Files (x86)\Microsoft VS Code\bin

Yarn version: 
  0.27.5

Node version: 
  8.1.2

Platform: 
  win32 x64

npm manifest: 
  {
    "name": "res_web_dev",
    "version": "1.0.0",
    "description": "website production environment",
    "author": "jd",
    "license": "MIT"
  }
  
  {
    "private": true,
    "dependencies": {
      "autoprefixer": "^6.5.4"
    },
    "browserslist": [
      "> 1%",
    ]
  }

yarn manifest: 
  No manifest

Lockfile: 
  No lockfile

Trace: 
  SyntaxError: F:\git-repos\res_web_dev\package.json: Unexpected token { in JSON at position 140
      at JSON.parse (<anonymous>)
      at C:\Program Files (x86)\Yarn\lib\yarn-cli.js:747:57
      at Generator.next (<anonymous>)
      at step (C:\Program Files (x86)\Yarn\lib\yarn-cli.js:91:30)
      at C:\Program Files (x86)\Yarn\lib\yarn-cli.js:102:13
      at <anonymous>
